[debug] [2023-04-14T09:29:08.269Z] ----------------------------------------------------------------------
[debug] [2023-04-14T09:29:08.271Z] Command:       C:\Program Files\nodejs\node.exe C:\Users\kaede\AppData\Roaming\npm\node_modules\firebase-tools\lib\bin\firebase.js projects:list
[debug] [2023-04-14T09:29:08.271Z] CLI Version:   11.27.0
[debug] [2023-04-14T09:29:08.271Z] Platform:      win32
[debug] [2023-04-14T09:29:08.271Z] Node Version:  v18.15.0
[debug] [2023-04-14T09:29:08.272Z] Time:          Fri Apr 14 2023 18:29:08 GMT+0900 (日本標準時)
[debug] [2023-04-14T09:29:08.273Z] ----------------------------------------------------------------------
[debug] 
[debug] [2023-04-14T09:29:08.279Z] > command requires scopes: ["email","openid","https://www.googleapis.com/auth/cloudplatformprojects.readonly","https://www.googleapis.com/auth/firebase","https://www.googleapis.com/auth/cloud-platform"]
[debug] [2023-04-14T09:29:08.279Z] > authorizing via signed-in user (kaede3256@gmail.com)
[debug] [2023-04-14T09:29:08.283Z] > refreshing access token with scopes: []
[debug] [2023-04-14T09:29:08.284Z] >>> [apiv2][query] POST https://www.googleapis.com/oauth2/v3/token [none]
[debug] [2023-04-14T09:29:08.284Z] >>> [apiv2][body] POST https://www.googleapis.com/oauth2/v3/token [omitted]
[debug] [2023-04-14T09:29:08.570Z] <<< [apiv2][status] POST https://www.googleapis.com/oauth2/v3/token 400
[debug] [2023-04-14T09:29:08.571Z] <<< [apiv2][body] POST https://www.googleapis.com/oauth2/v3/token [omitted]
[debug] [2023-04-14T09:29:08.571Z] >>> [apiv2][query] GET https://firebase.googleapis.com/v1beta1/projects pageSize=1000
[debug] [2023-04-14T09:29:08.686Z] <<< [apiv2][status] GET https://firebase.googleapis.com/v1beta1/projects 401
[debug] [2023-04-14T09:29:08.686Z] <<< [apiv2][body] GET https://firebase.googleapis.com/v1beta1/projects [omitted]
[debug] [2023-04-14T09:29:08.687Z] HTTP Error: 401, Request had invalid authentication credentials. Expected OAuth 2 access token, login cookie or other valid authentication credential. See https://developers.google.com/identity/sign-in/web/devconsole-project.
[debug] [2023-04-14T09:29:08.807Z] FirebaseError: HTTP Error: 401, Request had invalid authentication credentials. Expected OAuth 2 access token, login cookie or other valid authentication credential. See https://developers.google.com/identity/sign-in/web/devconsole-project.
    at responseToError (C:\Users\kaede\AppData\Roaming\npm\node_modules\firebase-tools\lib\responseToError.js:49:12)
    at RetryOperation._fn (C:\Users\kaede\AppData\Roaming\npm\node_modules\firebase-tools\lib\apiv2.js:288:77)
    at process.processTicksAndRejections (node:internal/process/task_queues:95:5)
[error] 
[error] Error: Failed to list Firebase projects. See firebase-debug.log for more info.
